<?xml version="1.0" encoding="UTF-8"?>
<!-- Generated by org.testng.reporters.JUnitReportReporter -->
<testsuite hostname="LAPTOP-EHESBRRO" failures="0" tests="1" name="assignment3.XXX" time="2.231" errors="0" timestamp="2022-12-07T13:46:19 IST" skipped="0">
  <testcase classname="assignment3.XXX" name="openBrowser" time="2.231"/>
  <system-out/>
</testsuite> <!-- assignment3.XXX -->
